[debug] [2022-03-24T01:17:08.571Z] ----------------------------------------------------------------------
[debug] [2022-03-24T01:17:08.572Z] Command:       /home/francisco/.nvm/versions/node/v14.19.0/bin/node /home/francisco/.nvm/versions/node/v14.19.0/bin/firebase init
[debug] [2022-03-24T01:17:08.573Z] CLI Version:   10.4.2
[debug] [2022-03-24T01:17:08.573Z] Platform:      linux
[debug] [2022-03-24T01:17:08.573Z] Node Version:  v14.19.0
[debug] [2022-03-24T01:17:08.573Z] Time:          Wed Mar 23 2022 22:17:08 GMT-0300 (Brasilia Standard Time)
[debug] [2022-03-24T01:17:08.573Z] ----------------------------------------------------------------------
[debug] 
[debug] [2022-03-24T01:17:08.575Z] >>> [apiv2][query] GET https://firebase-public.firebaseio.com/cli.json [none]
[debug] [2022-03-24T01:17:08.589Z] > command requires scopes: ["email","openid","https://www.googleapis.com/auth/cloudplatformprojects.readonly","https://www.googleapis.com/auth/firebase","https://www.googleapis.com/auth/cloud-platform"]
[debug] [2022-03-24T01:17:08.589Z] > authorizing via signed-in user (karenm.hirayama@gmail.com)
[info] 
     ######## #### ########  ######## ########     ###     ######  ########
     ##        ##  ##     ## ##       ##     ##  ##   ##  ##       ##
     ######    ##  ########  ######   ########  #########  ######  ######
     ##        ##  ##    ##  ##       ##     ## ##     ##       ## ##
     ##       #### ##     ## ######## ########  ##     ##  ######  ########

You're about to initialize a Firebase project in this directory:

  /home/francisco/Documents/Personal Projects/bitcoin-tracker-react

[debug] [2022-03-24T01:17:09.242Z] <<< [apiv2][status] GET https://firebase-public.firebaseio.com/cli.json 200
[debug] [2022-03-24T01:17:09.243Z] <<< [apiv2][body] GET https://firebase-public.firebaseio.com/cli.json {"cloudBuildErrorAfter":1594252800000,"cloudBuildWarnAfter":1590019200000,"defaultNode10After":1594252800000,"minVersion":"3.0.5","node8DeploysDisabledAfter":1613390400000,"node8RuntimeDisabledAfter":1615809600000,"node8WarnAfter":1600128000000}
